<?xml version="1.0" encoding="UTF-8"?>
<testng-results ignored="0" total="2" passed="1" failed="1" skipped="0">
  <reporter-output>
  </reporter-output>
  <suite started-at="2024-02-24T09:30:55 IST" name="Suite" finished-at="2024-02-24T09:31:27 IST" duration-ms="31714">
    <groups>
    </groups>
    <test started-at="2024-02-24T09:30:55 IST" name="TestChrome" finished-at="2024-02-24T09:31:27 IST" duration-ms="31714">
      <class name="com.LoginTest.VerifyLoginTest">
        <test-method is-config="true" signature="initilization()[pri:0, instance:com.LoginTest.VerifyLoginTest@74589991]" started-at="2024-02-24T09:30:55 IST" name="initilization" finished-at="2024-02-24T09:30:55 IST" duration-ms="621" status="PASS">
          <reporter-output>
          </reporter-output>
        </test-method> <!-- initilization -->
        <test-method is-config="true" signature="setUp(java.lang.String)[pri:0, instance:com.LoginTest.VerifyLoginTest@74589991]" started-at="2024-02-24T09:30:56 IST" name="setUp" finished-at="2024-02-24T09:31:00 IST" duration-ms="4508" status="PASS">
          <params>
            <param index="0">
              <value>
                <![CDATA[Chrome]]>
              </value>
            </param>
          </params>
          <reporter-output>
          </reporter-output>
        </test-method> <!-- setUp -->
        <test-method signature="TC01_VerifyFBLogin_withValidCredentials()[pri:0, instance:com.LoginTest.VerifyLoginTest@74589991]" started-at="2024-02-24T09:31:00 IST" name="TC01_VerifyFBLogin_withValidCredentials" finished-at="2024-02-24T09:31:11 IST" duration-ms="10537" status="PASS">
          <reporter-output>
          </reporter-output>
        </test-method> <!-- TC01_VerifyFBLogin_withValidCredentials -->
        <test-method is-config="true" signature="tearDown()[pri:0, instance:com.LoginTest.VerifyLoginTest@74589991]" started-at="2024-02-24T09:31:12 IST" name="tearDown" finished-at="2024-02-24T09:31:12 IST" duration-ms="302" status="PASS">
          <reporter-output>
          </reporter-output>
        </test-method> <!-- tearDown -->
        <test-method is-config="true" signature="setUp(java.lang.String)[pri:0, instance:com.LoginTest.VerifyLoginTest@74589991]" started-at="2024-02-24T09:31:12 IST" name="setUp" finished-at="2024-02-24T09:31:15 IST" duration-ms="3369" status="PASS">
          <params>
            <param index="0">
              <value>
                <![CDATA[Chrome]]>
              </value>
            </param>
          </params>
          <reporter-output>
          </reporter-output>
        </test-method> <!-- setUp -->
        <test-method signature="TC02_VerifyFBLogin_withValidCredentials()[pri:0, instance:com.LoginTest.VerifyLoginTest@74589991]" started-at="2024-02-24T09:31:15 IST" name="TC02_VerifyFBLogin_withValidCredentials" finished-at="2024-02-24T09:31:27 IST" duration-ms="11407" status="FAIL">
          <exception class="java.lang.AssertionError">
            <message>
              <![CDATA[expected [Welcome To FaceBook HomePage] but found [Log in to Facebook]]]>
            </message>
            <full-stacktrace>
              <![CDATA[java.lang.AssertionError: expected [Welcome To FaceBook HomePage] but found [Log in to Facebook]
at org.testng.Assert.fail(Assert.java:99)
at org.testng.Assert.failNotEquals(Assert.java:1037)
at org.testng.Assert.assertEqualsImpl(Assert.java:140)
at org.testng.Assert.assertEquals(Assert.java:122)
at org.testng.Assert.assertEquals(Assert.java:629)
at org.testng.Assert.assertEquals(Assert.java:639)
at com.LoginTest.VerifyLoginTest.TC02_VerifyFBLogin_withValidCredentials(VerifyLoginTest.java:56)
at java.base/jdk.internal.reflect.NativeMethodAccessorImpl.invoke0(Native Method)
at java.base/jdk.internal.reflect.NativeMethodAccessorImpl.invoke(NativeMethodAccessorImpl.java:62)
at java.base/jdk.internal.reflect.DelegatingMethodAccessorImpl.invoke(DelegatingMethodAccessorImpl.java:43)
at java.base/java.lang.reflect.Method.invoke(Method.java:566)
at org.testng.internal.MethodInvocationHelper.invokeMethod(MethodInvocationHelper.java:133)
at org.testng.internal.TestInvoker.invokeMethod(TestInvoker.java:598)
at org.testng.internal.TestInvoker.invokeTestMethod(TestInvoker.java:173)
at org.testng.internal.MethodRunner.runInSequence(MethodRunner.java:46)
at org.testng.internal.TestInvoker$MethodInvocationAgent.invoke(TestInvoker.java:824)
at org.testng.internal.TestInvoker.invokeTestMethods(TestInvoker.java:146)
at org.testng.internal.TestMethodWorker.invokeTestMethods(TestMethodWorker.java:146)
at org.testng.internal.TestMethodWorker.run(TestMethodWorker.java:128)
at java.base/java.util.ArrayList.forEach(ArrayList.java:1540)
at org.testng.TestRunner.privateRun(TestRunner.java:794)
at org.testng.TestRunner.run(TestRunner.java:596)
at org.testng.SuiteRunner.runTest(SuiteRunner.java:377)
at org.testng.SuiteRunner.runSequentially(SuiteRunner.java:371)
at org.testng.SuiteRunner.privateRun(SuiteRunner.java:332)
at org.testng.SuiteRunner.run(SuiteRunner.java:276)
at org.testng.SuiteRunnerWorker.runSuite(SuiteRunnerWorker.java:53)
at org.testng.SuiteRunnerWorker.run(SuiteRunnerWorker.java:96)
at org.testng.TestNG.runSuitesSequentially(TestNG.java:1212)
at org.testng.TestNG.runSuitesLocally(TestNG.java:1134)
at org.testng.TestNG.runSuites(TestNG.java:1063)
at org.testng.TestNG.run(TestNG.java:1031)
at org.testng.remote.AbstractRemoteTestNG.run(AbstractRemoteTestNG.java:115)
at org.testng.remote.RemoteTestNG.initAndRun(RemoteTestNG.java:251)
at org.testng.remote.RemoteTestNG.main(RemoteTestNG.java:77)
]]>
            </full-stacktrace>
          </exception> <!-- java.lang.AssertionError -->
          <reporter-output>
          </reporter-output>
        </test-method> <!-- TC02_VerifyFBLogin_withValidCredentials -->
        <test-method is-config="true" signature="tearDown()[pri:0, instance:com.LoginTest.VerifyLoginTest@74589991]" started-at="2024-02-24T09:31:27 IST" name="tearDown" finished-at="2024-02-24T09:31:27 IST" duration-ms="204" status="PASS">
          <reporter-output>
          </reporter-output>
        </test-method> <!-- tearDown -->
      </class> <!-- com.LoginTest.VerifyLoginTest -->
    </test> <!-- TestChrome -->
  </suite> <!-- Suite -->
</testng-results>
